<?xml version="1.0" encoding="UTF-8"?>
<testng-results ignored="0" total="1" passed="1" failed="0" skipped="0">
  <reporter-output>
  </reporter-output>
  <suite started-at="2021-07-11T04:09:43Z" name="Default suite" finished-at="2021-07-11T04:09:52Z" duration-ms="9045">
    <groups>
    </groups>
    <test started-at="2021-07-11T04:09:43Z" name="Default test" finished-at="2021-07-11T04:09:52Z" duration-ms="9045">
      <class name="testcases.TestCases">
        <test-method is-config="true" signature="setup()[pri:0, instance:testcases.TestCases@6404f418]" started-at="2021-07-11T04:09:43Z" name="setup" finished-at="2021-07-11T04:09:45Z" duration-ms="2097" status="PASS">
          <reporter-output>
          </reporter-output>
        </test-method> <!-- setup -->
        <test-method signature="tcCalculatePercentage()[pri:0, instance:testcases.TestCases@6404f418]" started-at="2021-07-11T04:09:45Z" name="tcCalculatePercentage" finished-at="2021-07-11T04:09:52Z" duration-ms="6920" status="PASS">
          <reporter-output>
          </reporter-output>
        </test-method> <!-- tcCalculatePercentage -->
      </class> <!-- testcases.TestCases -->
    </test> <!-- Default test -->
  </suite> <!-- Default suite -->
</testng-results>
